<?xml version="1.0" encoding="UTF-8"?>
<!-- Generated by org.testng.reporters.JUnitReportReporter -->
<testsuite skipped="0" hostname="GYAN-LAB-PC3" name="com.TestCase.LoginPageTest" tests="2" failures="0" timestamp="29 Jan 2019 11:00:56 GMT" time="6.182" errors="0">
  <testcase name="CheckTitle" time="0.000" classname="com.TestCase.LoginPageTest"/>
  <testcase name="Login" time="6.182" classname="com.TestCase.LoginPageTest"/>
</testsuite> <!-- com.TestCase.LoginPageTest -->
